Settings:
  Output files: "PlasmoDB-41_Pfalciparum3D7_Genome.*.ht2"
  Line rate: 6 (line is 64 bytes)
  Lines per side: 1 (side is 64 bytes)
  Offset rate: 4 (one in 16)
  FTable chars: 10
  Strings: unpacked
  Local offset rate: 3 (one in 8)
  Local fTable chars: 6
  Local sequence length: 57344
  Local sequence overlap between two consecutive indexes: 1024
  Endianness: little
  Actual local endianness: little
  Sanity checking: disabled
  Assertions: disabled
  Random seed: 0
  Sizeofs: void*:8, int:4, long:8, size_t:8
Input files DNA, FASTA:
  ../Reference_Data/PlasmoDB-41_Pfalciparum3D7_Genome.fasta
Reading reference sizes
  Time reading reference sizes: 00:00:00
Calculating joined length
Writing header
Reserving space for joined string
Joining reference sequences
  Time to join reference sequences: 00:00:00
  Time to read SNPs and splice sites: 00:00:00
Using parameters --bmax 4374907 --dcv 1024
  Doing ahead-of-time memory usage test
  Passed!  Constructing with these parameters: --bmax 4374907 --dcv 1024
Constructing suffix-array element generator
Building DifferenceCoverSample
  Building sPrime
  Building sPrimeOrder
  V-Sorting samples
  V-Sorting samples time: 00:00:01
  Allocating rank array
  Ranking v-sort output
  Ranking v-sort output time: 00:00:00
  Invoking Larsson-Sadakane on ranks
  Invoking Larsson-Sadakane on ranks time: 00:00:00
  Sanity-checking and returning
Building samples
Reserving space for 12 sample suffixes
Generating random suffixes
QSorting 12 sample offsets, eliminating duplicates
QSorting sample offsets, eliminating duplicates time: 00:00:00
Multikey QSorting 12 samples
  (Using difference cover)
  Multikey QSorting samples time: 00:00:00
Calculating bucket sizes
Splitting and merging
  Splitting and merging time: 00:00:00
Split 2, merged 6; iterating...
Splitting and merging
  Splitting and merging time: 00:00:00
Avg bucket size: 2.9166e+06 (target: 4374906)
Converting suffix-array elements to index image
Allocating ftab, absorbFtab
Entering GFM loop
Getting block 1 of 8
  Reserving size (4374907) for bucket 1
  Calculating Z arrays for bucket 1
  Entering block accumulator loop for bucket 1:
  bucket 1: 10%
  bucket 1: 20%
  bucket 1: 30%
  bucket 1: 40%
  bucket 1: 50%
  bucket 1: 60%
  bucket 1: 70%
  bucket 1: 80%
  bucket 1: 90%
  bucket 1: 100%
  Sorting block of length 2553239 for bucket 1
  (Using difference cover)
  Sorting block time: 00:00:00
Returning block of 2553240 for bucket 1
Getting block 2 of 8
  Reserving size (4374907) for bucket 2
  Calculating Z arrays for bucket 2
  Entering block accumulator loop for bucket 2:
  bucket 2: 10%
  bucket 2: 20%
  bucket 2: 30%
  bucket 2: 40%
  bucket 2: 50%
  bucket 2: 60%
  bucket 2: 70%
  bucket 2: 80%
  bucket 2: 90%
  bucket 2: 100%
  Sorting block of length 3722889 for bucket 2
  (Using difference cover)
  Sorting block time: 00:00:00
Returning block of 3722890 for bucket 2
Getting block 3 of 8
  Reserving size (4374907) for bucket 3
  Calculating Z arrays for bucket 3
  Entering block accumulator loop for bucket 3:
  bucket 3: 10%
  bucket 3: 20%
  bucket 3: 30%
  bucket 3: 40%
  bucket 3: 50%
  bucket 3: 60%
  bucket 3: 70%
  bucket 3: 80%
  bucket 3: 90%
  bucket 3: 100%
  Sorting block of length 1733706 for bucket 3
  (Using difference cover)
  Sorting block time: 00:00:00
Returning block of 1733707 for bucket 3
Getting block 4 of 8
  Reserving size (4374907) for bucket 4
  Calculating Z arrays for bucket 4
  Entering block accumulator loop for bucket 4:
  bucket 4: 10%
  bucket 4: 20%
  bucket 4: 30%
  bucket 4: 40%
  bucket 4: 50%
  bucket 4: 60%
  bucket 4: 70%
  bucket 4: 80%
  bucket 4: 90%
  bucket 4: 100%
  Sorting block of length 2834402 for bucket 4
  (Using difference cover)
  Sorting block time: 00:00:00
Returning block of 2834403 for bucket 4
Getting block 5 of 8
  Reserving size (4374907) for bucket 5
  Calculating Z arrays for bucket 5
  Entering block accumulator loop for bucket 5:
  bucket 5: 10%
  bucket 5: 20%
  bucket 5: 30%
  bucket 5: 40%
  bucket 5: 50%
  bucket 5: 60%
  bucket 5: 70%
  bucket 5: 80%
  bucket 5: 90%
  bucket 5: 100%
  Sorting block of length 2073098 for bucket 5
  (Using difference cover)
  Sorting block time: 00:00:00
Returning block of 2073099 for bucket 5
Getting block 6 of 8
  Reserving size (4374907) for bucket 6
  Calculating Z arrays for bucket 6
  Entering block accumulator loop for bucket 6:
  bucket 6: 10%
  bucket 6: 20%
  bucket 6: 30%
  bucket 6: 40%
  bucket 6: 50%
  bucket 6: 60%
  bucket 6: 70%
  bucket 6: 80%
  bucket 6: 90%
  bucket 6: 100%
  Sorting block of length 3566120 for bucket 6
  (Using difference cover)
  Sorting block time: 00:00:01
Returning block of 3566121 for bucket 6
Getting block 7 of 8
  Reserving size (4374907) for bucket 7
  Calculating Z arrays for bucket 7
  Entering block accumulator loop for bucket 7:
  bucket 7: 10%
  bucket 7: 20%
  bucket 7: 30%
  bucket 7: 40%
  bucket 7: 50%
  bucket 7: 60%
  bucket 7: 70%
  bucket 7: 80%
  bucket 7: 90%
  bucket 7: 100%
  Sorting block of length 2534238 for bucket 7
  (Using difference cover)
  Sorting block time: 00:00:01
Returning block of 2534239 for bucket 7
Getting block 8 of 8
  Reserving size (4374907) for bucket 8
  Calculating Z arrays for bucket 8
  Entering block accumulator loop for bucket 8:
  bucket 8: 10%
  bucket 8: 20%
  bucket 8: 30%
  bucket 8: 40%
  bucket 8: 50%
  bucket 8: 60%
  bucket 8: 70%
  bucket 8: 80%
  bucket 8: 90%
  bucket 8: 100%
  Sorting block of length 4315140 for bucket 8
  (Using difference cover)
  Sorting block time: 00:00:01
Returning block of 4315141 for bucket 8
Exited GFM loop
fchr[A]: 0
fchr[C]: 9408167
fchr[G]: 11656942
fchr[T]: 13920779
fchr[$]: 23332839
Exiting GFM::buildToDisk()
Returning from initFromVector
Wrote 11974054 bytes to primary GFM file: PlasmoDB-41_Pfalciparum3D7_Genome.1.ht2
Wrote 5833216 bytes to secondary GFM file: PlasmoDB-41_Pfalciparum3D7_Genome.2.ht2
Re-opening _in1 and _in2 as input streams
Returning from GFM constructor
Returning from initFromVector
Wrote 10299341 bytes to primary GFM file: PlasmoDB-41_Pfalciparum3D7_Genome.5.ht2
Wrote 5937978 bytes to secondary GFM file: PlasmoDB-41_Pfalciparum3D7_Genome.6.ht2
Re-opening _in5 and _in5 as input streams
Returning from HierEbwt constructor
Headers:
    len: 23332839
    gbwtLen: 23332840
    nodes: 23332840
    sz: 5833210
    gbwtSz: 5833211
    lineRate: 6
    offRate: 4
    offMask: 0xfffffff0
    ftabChars: 10
    eftabLen: 0
    eftabSz: 0
    ftabLen: 1048577
    ftabSz: 4194308
    offsLen: 1458303
    offsSz: 5833212
    lineSz: 64
    sideSz: 64
    sideGbwtSz: 48
    sideGbwtLen: 192
    numSides: 121526
    numLines: 121526
    gbwtTotLen: 7777664
    gbwtTotSz: 7777664
    reverse: 0
    linearFM: Yes
Total time for call to driver() for forward index: 00:00:15
